<?xml version="1.0" encoding="UTF-8"?>
<testsuite xmlns:xsi="http://www.w3.org/2001/XMLSchema-instance" xsi:noNamespaceSchemaLocation="https://maven.apache.org/surefire/maven-surefire-plugin/xsd/surefire-test-report-3.0.xsd" version="3.0" name="com.mycompany.gestionproyectosacademicos.services.ProjectServiceTest" time="0.053" tests="3" errors="0" skipped="0" failures="0">
  <properties>
    <property name="java.specification.version" value="17"/>
    <property name="sun.cpu.isalist" value="amd64"/>
    <property name="sun.jnu.encoding" value="Cp1252"/>
    <property name="java.class.path" value="D:\juand\Documentos\UNIVERSIDAD\Sexto Semestre\Ingenieria de Software II\Microservicios-AcademicProjects-Repo\FrontApp\FrontApp\target\test-classes;D:\juand\Documentos\UNIVERSIDAD\Sexto Semestre\Ingenieria de Software II\Microservicios-AcademicProjects-Repo\FrontApp\FrontApp\target\classes;C:\Users\juand\.m2\repository\org\apache\httpcomponents\httpclient\4.5.13\httpclient-4.5.13.jar;C:\Users\juand\.m2\repository\org\apache\httpcomponents\httpcore\4.4.13\httpcore-4.4.13.jar;C:\Users\juand\.m2\repository\commons-logging\commons-logging\1.2\commons-logging-1.2.jar;C:\Users\juand\.m2\repository\commons-codec\commons-codec\1.11\commons-codec-1.11.jar;C:\Users\juand\.m2\repository\com\fasterxml\jackson\core\jackson-databind\2.13.1\jackson-databind-2.13.1.jar;C:\Users\juand\.m2\repository\com\fasterxml\jackson\core\jackson-core\2.13.1\jackson-core-2.13.1.jar;C:\Users\juand\.m2\repository\org\projectlombok\lombok\1.18.38\lombok-1.18.38.jar;C:\Users\juand\.m2\repository\org\json\json\20141113\json-20141113.jar;C:\Users\juand\.m2\repository\org\netbeans\external\AbsoluteLayout\RELEASE230\AbsoluteLayout-RELEASE230.jar;C:\Users\juand\.m2\repository\com\google\code\gson\gson\2.10.1\gson-2.10.1.jar;C:\Users\juand\.m2\repository\org\postgresql\postgresql\42.7.5\postgresql-42.7.5.jar;C:\Users\juand\.m2\repository\org\checkerframework\checker-qual\3.48.3\checker-qual-3.48.3.jar;C:\Users\juand\.m2\repository\com\toedter\jcalendar\1.4\jcalendar-1.4.jar;C:\Users\juand\.m2\repository\com\fasterxml\jackson\datatype\jackson-datatype-jsr310\2.15.0\jackson-datatype-jsr310-2.15.0.jar;C:\Users\juand\.m2\repository\org\junit\jupiter\junit-jupiter-api\5.6.3\junit-jupiter-api-5.6.3.jar;C:\Users\juand\.m2\repository\org\apiguardian\apiguardian-api\1.1.0\apiguardian-api-1.1.0.jar;C:\Users\juand\.m2\repository\org\opentest4j\opentest4j\1.2.0\opentest4j-1.2.0.jar;C:\Users\juand\.m2\repository\org\junit\platform\junit-platform-commons\1.6.3\junit-platform-commons-1.6.3.jar;C:\Users\juand\.m2\repository\org\junit\jupiter\junit-jupiter-params\5.6.3\junit-jupiter-params-5.6.3.jar;C:\Users\juand\.m2\repository\org\junit\jupiter\junit-jupiter-engine\5.6.3\junit-jupiter-engine-5.6.3.jar;C:\Users\juand\.m2\repository\org\junit\platform\junit-platform-engine\1.6.3\junit-platform-engine-1.6.3.jar;C:\Users\juand\.m2\repository\org\mockito\mockito-core\5.5.0\mockito-core-5.5.0.jar;C:\Users\juand\.m2\repository\net\bytebuddy\byte-buddy\1.14.6\byte-buddy-1.14.6.jar;C:\Users\juand\.m2\repository\net\bytebuddy\byte-buddy-agent\1.14.6\byte-buddy-agent-1.14.6.jar;C:\Users\juand\.m2\repository\org\objenesis\objenesis\3.3\objenesis-3.3.jar;C:\Users\juand\.m2\repository\org\mockito\mockito-junit-jupiter\5.5.0\mockito-junit-jupiter-5.5.0.jar;C:\Users\juand\.m2\repository\org\mockito\mockito-inline\2.18.0\mockito-inline-2.18.0.jar;C:\Users\juand\.m2\repository\org\assertj\assertj-core\3.24.2\assertj-core-3.24.2.jar;C:\Users\juand\.m2\repository\com\fasterxml\jackson\core\jackson-annotations\2.18.3\jackson-annotations-2.18.3.jar;"/>
    <property name="java.vm.vendor" value="Oracle Corporation"/>
    <property name="sun.arch.data.model" value="64"/>
    <property name="user.variant" value=""/>
    <property name="java.vendor.url" value="https://java.oracle.com/"/>
    <property name="user.timezone" value="America/Bogota"/>
    <property name="os.name" value="Windows 11"/>
    <property name="java.vm.specification.version" value="17"/>
    <property name="user.country" value="CO"/>
    <property name="sun.java.launcher" value="SUN_STANDARD"/>
    <property name="sun.boot.library.path" value="C:\Program Files\Java\jdk-17\bin"/>
    <property name="sun.java.command" value="C:\Users\juand\AppData\Local\Temp\surefire379932702502307767\surefirebooter-20250604194341606_3.jar C:\Users\juand\AppData\Local\Temp\surefire379932702502307767 2025-06-04T19-43-41_398-jvmRun1 surefire-20250604194341606_1tmp surefire_0-20250604194341606_2tmp"/>
    <property name="jdk.debug" value="release"/>
    <property name="surefire.test.class.path" value="D:\juand\Documentos\UNIVERSIDAD\Sexto Semestre\Ingenieria de Software II\Microservicios-AcademicProjects-Repo\FrontApp\FrontApp\target\test-classes;D:\juand\Documentos\UNIVERSIDAD\Sexto Semestre\Ingenieria de Software II\Microservicios-AcademicProjects-Repo\FrontApp\FrontApp\target\classes;C:\Users\juand\.m2\repository\org\apache\httpcomponents\httpclient\4.5.13\httpclient-4.5.13.jar;C:\Users\juand\.m2\repository\org\apache\httpcomponents\httpcore\4.4.13\httpcore-4.4.13.jar;C:\Users\juand\.m2\repository\commons-logging\commons-logging\1.2\commons-logging-1.2.jar;C:\Users\juand\.m2\repository\commons-codec\commons-codec\1.11\commons-codec-1.11.jar;C:\Users\juand\.m2\repository\com\fasterxml\jackson\core\jackson-databind\2.13.1\jackson-databind-2.13.1.jar;C:\Users\juand\.m2\repository\com\fasterxml\jackson\core\jackson-core\2.13.1\jackson-core-2.13.1.jar;C:\Users\juand\.m2\repository\org\projectlombok\lombok\1.18.38\lombok-1.18.38.jar;C:\Users\juand\.m2\repository\org\json\json\20141113\json-20141113.jar;C:\Users\juand\.m2\repository\org\netbeans\external\AbsoluteLayout\RELEASE230\AbsoluteLayout-RELEASE230.jar;C:\Users\juand\.m2\repository\com\google\code\gson\gson\2.10.1\gson-2.10.1.jar;C:\Users\juand\.m2\repository\org\postgresql\postgresql\42.7.5\postgresql-42.7.5.jar;C:\Users\juand\.m2\repository\org\checkerframework\checker-qual\3.48.3\checker-qual-3.48.3.jar;C:\Users\juand\.m2\repository\com\toedter\jcalendar\1.4\jcalendar-1.4.jar;C:\Users\juand\.m2\repository\com\fasterxml\jackson\datatype\jackson-datatype-jsr310\2.15.0\jackson-datatype-jsr310-2.15.0.jar;C:\Users\juand\.m2\repository\org\junit\jupiter\junit-jupiter-api\5.6.3\junit-jupiter-api-5.6.3.jar;C:\Users\juand\.m2\repository\org\apiguardian\apiguardian-api\1.1.0\apiguardian-api-1.1.0.jar;C:\Users\juand\.m2\repository\org\opentest4j\opentest4j\1.2.0\opentest4j-1.2.0.jar;C:\Users\juand\.m2\repository\org\junit\platform\junit-platform-commons\1.6.3\junit-platform-commons-1.6.3.jar;C:\Users\juand\.m2\repository\org\junit\jupiter\junit-jupiter-params\5.6.3\junit-jupiter-params-5.6.3.jar;C:\Users\juand\.m2\repository\org\junit\jupiter\junit-jupiter-engine\5.6.3\junit-jupiter-engine-5.6.3.jar;C:\Users\juand\.m2\repository\org\junit\platform\junit-platform-engine\1.6.3\junit-platform-engine-1.6.3.jar;C:\Users\juand\.m2\repository\org\mockito\mockito-core\5.5.0\mockito-core-5.5.0.jar;C:\Users\juand\.m2\repository\net\bytebuddy\byte-buddy\1.14.6\byte-buddy-1.14.6.jar;C:\Users\juand\.m2\repository\net\bytebuddy\byte-buddy-agent\1.14.6\byte-buddy-agent-1.14.6.jar;C:\Users\juand\.m2\repository\org\objenesis\objenesis\3.3\objenesis-3.3.jar;C:\Users\juand\.m2\repository\org\mockito\mockito-junit-jupiter\5.5.0\mockito-junit-jupiter-5.5.0.jar;C:\Users\juand\.m2\repository\org\mockito\mockito-inline\2.18.0\mockito-inline-2.18.0.jar;C:\Users\juand\.m2\repository\org\assertj\assertj-core\3.24.2\assertj-core-3.24.2.jar;C:\Users\juand\.m2\repository\com\fasterxml\jackson\core\jackson-annotations\2.18.3\jackson-annotations-2.18.3.jar;"/>
    <property name="sun.cpu.endian" value="little"/>
    <property name="user.home" value="C:\Users\juand"/>
    <property name="user.language" value="es"/>
    <property name="java.specification.vendor" value="Oracle Corporation"/>
    <property name="java.version.date" value="2024-07-16"/>
    <property name="java.home" value="C:\Program Files\Java\jdk-17"/>
    <property name="file.separator" value="\"/>
    <property name="basedir" value="D:\juand\Documentos\UNIVERSIDAD\Sexto Semestre\Ingenieria de Software II\Microservicios-AcademicProjects-Repo\FrontApp\FrontApp"/>
    <property name="java.vm.compressedOopsMode" value="Zero based"/>
    <property name="line.separator" value="&#10;"/>
    <property name="java.vm.specification.vendor" value="Oracle Corporation"/>
    <property name="java.specification.name" value="Java Platform API Specification"/>
    <property name="surefire.real.class.path" value="C:\Users\juand\AppData\Local\Temp\surefire379932702502307767\surefirebooter-20250604194341606_3.jar"/>
    <property name="user.script" value=""/>
    <property name="sun.management.compiler" value="HotSpot 64-Bit Tiered Compilers"/>
    <property name="java.runtime.version" value="17.0.12+8-LTS-286"/>
    <property name="user.name" value="juand"/>
    <property name="path.separator" value=";"/>
    <property name="os.version" value="10.0"/>
    <property name="java.runtime.name" value="Java(TM) SE Runtime Environment"/>
    <property name="file.encoding" value="Cp1252"/>
    <property name="java.vm.name" value="Java HotSpot(TM) 64-Bit Server VM"/>
    <property name="maven.ext.class.path" value="C:\Program Files\NetBeans-22\netbeans\java\maven-nblib\netbeans-eventspy.jar"/>
    <property name="localRepository" value="C:\Users\juand\.m2\repository"/>
    <property name="java.vendor.url.bug" value="https://bugreport.java.com/bugreport/"/>
    <property name="java.io.tmpdir" value="C:\Users\juand\AppData\Local\Temp\"/>
    <property name="java.version" value="17.0.12"/>
    <property name="user.dir" value="D:\juand\Documentos\UNIVERSIDAD\Sexto Semestre\Ingenieria de Software II\Microservicios-AcademicProjects-Repo\FrontApp\FrontApp"/>
    <property name="os.arch" value="amd64"/>
    <property name="java.vm.specification.name" value="Java Virtual Machine Specification"/>
    <property name="sun.os.patch.level" value=""/>
    <property name="native.encoding" value="Cp1252"/>
    <property name="java.library.path" value="C:\Program Files\Java\jdk-17\bin;C:\WINDOWS\Sun\Java\bin;C:\WINDOWS\system32;C:\WINDOWS;C:\Program Files\Common Files\Oracle\Java\javapath;C:\WINDOWS\system32;C:\WINDOWS;C:\WINDOWS\System32\Wbem;C:\WINDOWS\System32\WindowsPowerShell\v1.0\;C:\WINDOWS\System32\OpenSSH\;C:\Program Files\Microsoft SQL Server\150\Tools\Binn\;C:\Program Files\Microsoft SQL Server\Client SDK\ODBC\170\Tools\Binn\;C:\Program Files\Java\jdk-17\bin;C:\Program Files\dotnet\;C:\OracleXE\dbhomeXE\bin;C:\Program Files\Git\cmd;C:\laragon\bin\mysql\mysql-8.0.30-winx64\bin;C:\Program Files\MATLAB\R2024b\bin;C:\Users\juand\AppData\Local\Programs\Python\Python313\Scripts\;C:\Users\juand\AppData\Local\Programs\Python\Python313\;C:\Users\juand\AppData\Local\Microsoft\WindowsApps;C:\Users\juand\.dotnet\tools;C:\Users\juand\AppData\Local\Programs\Microsoft VS Code\bin;C:\msys32\msys32\mingw32\bin;C:\msys32\msys32\usr\bin;C:\qemu\qemu;C:\bochs\bochs\bin;C:\cross-gcc\cross-gcc\bin;C:\Program Files (x86)\cdrtools;."/>
    <property name="java.vm.info" value="mixed mode, sharing"/>
    <property name="java.vendor" value="Oracle Corporation"/>
    <property name="java.vm.version" value="17.0.12+8-LTS-286"/>
    <property name="sun.io.unicode.encoding" value="UnicodeLittle"/>
    <property name="java.class.version" value="61.0"/>
  </properties>
  <testcase name="testGetProjects" classname="com.mycompany.gestionproyectosacademicos.services.ProjectServiceTest" time="0.043"/>
  <testcase name="testAddProject" classname="com.mycompany.gestionproyectosacademicos.services.ProjectServiceTest" time="0.003"/>
  <testcase name="testDeleteProject" classname="com.mycompany.gestionproyectosacademicos.services.ProjectServiceTest" time="0.003"/>
</testsuite>